<?xml version="1.0" encoding="utf-8"?><testsuites><testsuite name="pytest" errors="0" failures="0" skipped="0" tests="17" time="0.235" timestamp="2024-12-20T06:59:18.730429" hostname="ip-192-168-0-7"><testcase classname="client.tests.test_redis_conn" name="test_get_caching_data" time="0.002" /><testcase classname="client.tests.test_redis_conn" name="test_redis_status" time="0.003" /><testcase classname="models.tests.test_message" name="test_custom_message" time="0.000" /><testcase classname="models.tests.test_message" name="test_health_message" time="0.001" /><testcase classname="models.tests.test_user_info" name="test_employee_info" time="0.000" /><testcase classname="router.tests.test_cache" name="test_cache_set_get" time="0.003" /><testcase classname="router.tests.test_cache" name="test_cache_delete" time="0.000" /><testcase classname="router.tests.test_cache" name="test_cache_clear" time="0.000" /><testcase classname="utils.tests.test_json_encoder" name="test_custom_json_encoder_dataclass" time="0.000" /><testcase classname="utils.tests.test_json_encoder" name="test_custom_json_encoder_model" time="0.000" /><testcase classname="utils.tests.test_json_encoder" name="test_custom_json_encoder_datetime" time="0.000" /><testcase classname="utils.tests.test_json_encoder" name="test_custom_json_encoder_enum" time="0.000" /><testcase classname="utils.tests.test_log_encoder" name="test_custom_json_formatter" time="0.000" /><testcase classname="utils.tests.test_validator" name="test_query_validator_valid_input" time="0.001" /><testcase classname="utils.tests.test_validator" name="test_query_validator_invalid_input" time="0.001" /><testcase classname="utils.tests.test_validator" name="test_data_validator_valid_input" time="0.000" /><testcase classname="utils.tests.test_validator" name="test_data_validator_invalid_input" time="0.000" /></testsuite></testsuites>